2015-01-21 13:10:31,993 :: INFO :: Authenticated.
2015-01-21 13:10:31,994 :: INFO :: Creating database tweets.db.
2015-01-21 13:10:32,018 :: INFO :: Starting recording tweets...
2015-01-21 13:10:38,926 :: INFO :: Recording tweet 557872899458355201.
2015-01-21 13:10:40,919 :: INFO :: Recording tweet 557872907821776896.
2015-01-21 13:10:42,795 :: INFO :: Recording tweet 557872916214591488.
2015-01-21 13:10:44,840 :: INFO :: Recording tweet 557872924628357123.
2015-01-21 13:10:45,852 :: INFO :: Recording tweet 557872928822669315.
2015-01-21 13:10:46,822 :: INFO :: Recording tweet 557872932979245056.
2015-01-21 13:10:46,864 :: INFO :: Recording tweet 557872933000200192.
2015-01-21 13:10:52,269 :: INFO :: Recording tweet 557872941388824576.
2015-01-21 13:10:53,564 :: INFO :: Recording tweet 557872949789995008.
2015-01-21 13:10:53,617 :: INFO :: Recording tweet 557872949781626881.
2015-01-21 13:10:54,926 :: INFO :: Recording tweet 557872966550454273.
2015-01-21 13:10:55,146 :: INFO :: Recording tweet 557872966533664771.
2015-01-21 13:10:58,945 :: INFO :: Recording tweet 557872983327641600.
2015-01-21 13:11:00,924 :: INFO :: Recording tweet 557872991737245698.
2015-01-21 13:11:01,015 :: INFO :: Recording tweet 557872991707856896.
2015-01-21 13:11:01,986 :: INFO :: Recording tweet 557872995918962688.
2015-01-21 13:11:04,967 :: INFO :: Recording tweet 557873008510259200.
2015-01-21 13:11:06,831 :: INFO :: Recording tweet 557873016882094080.
2015-01-21 13:11:06,930 :: INFO :: Recording tweet 557873016877899776.
2015-01-21 13:11:07,129 :: INFO :: Recording tweet 557873016873684992.
2015-01-21 13:11:09,920 :: INFO :: Recording tweet 557873029473386498.
2015-01-21 13:11:10,922 :: INFO :: Recording tweet 557873033663508482.
2015-01-21 13:11:12,810 :: INFO :: Recording tweet 557873042043699201.
2015-01-21 13:11:13,819 :: INFO :: Recording tweet 557873046263177216.
2015-01-21 13:11:14,824 :: INFO :: Recording tweet 557873050423951360.
2015-01-21 13:11:18,914 :: INFO :: Recording tweet 557873067226316802.
2015-01-21 13:11:20,807 :: INFO :: Recording tweet 557873075606536192.
2015-01-21 13:11:20,818 :: INFO :: Recording tweet 557873075610742786.
2015-01-21 13:11:23,821 :: INFO :: Recording tweet 557873088202018816.
2015-01-21 13:11:24,866 :: INFO :: Recording tweet 557873092383764481.
2015-01-21 13:11:25,066 :: INFO :: Recording tweet 557873092371152898.
2015-01-21 13:11:25,841 :: INFO :: Recording tweet 557873096565460992.
2015-01-21 13:11:25,871 :: INFO :: Recording tweet 557873096557080578.
2015-01-21 13:11:25,880 :: INFO :: Recording tweet 557873096573878273.
2015-01-21 13:11:30,828 :: INFO :: Recording tweet 557873117557960705.
2015-01-21 13:11:32,771 :: INFO :: Recording tweet 557873125929779200.
2015-01-21 13:11:33,934 :: INFO :: Recording tweet 557873130140893184.
2015-01-21 13:11:36,873 :: INFO :: Recording tweet 557873142719598593.
2015-01-21 13:11:38,819 :: INFO :: Recording tweet 557873151112384513.
2015-01-21 13:11:40,893 :: INFO :: Recording tweet 557873159488417792.
2015-01-21 13:11:41,835 :: INFO :: Recording tweet 557873163691110400.
2015-01-21 13:11:42,832 :: INFO :: Recording tweet 557873167881224192.
2015-01-21 13:11:43,810 :: INFO :: Recording tweet 557873172062953472.
2015-01-21 13:11:44,786 :: INFO :: Recording tweet 557873176248856579.
2015-01-21 13:11:44,832 :: INFO :: Recording tweet 557873176278237184.
2015-01-21 13:11:45,860 :: INFO :: Recording tweet 557873180468330496.
2015-01-21 13:11:46,834 :: INFO :: Recording tweet 557873184641662976.
2015-01-21 13:11:46,851 :: INFO :: Recording tweet 557873184671035393.
2015-01-21 13:11:52,823 :: INFO :: Recording tweet 557873209807478789.
2015-01-21 13:11:53,777 :: INFO :: Recording tweet 557873213997600768.
2015-01-21 13:11:53,861 :: INFO :: Recording tweet 557873214035329024.
2015-01-21 13:11:54,819 :: INFO :: Recording tweet 557873218200293377.
2015-01-21 13:11:54,981 :: INFO :: Recording tweet 557873218204471296.
2015-01-21 13:11:57,847 :: INFO :: Recording tweet 557873230804156418.
2015-01-21 13:11:59,844 :: INFO :: Recording tweet 557873239188590593.
2015-01-21 13:12:01,795 :: INFO :: Recording tweet 557873247589789696.
2015-01-21 13:12:02,833 :: INFO :: Recording tweet 557873251763101696.
2015-01-21 13:12:04,820 :: INFO :: Recording tweet 557873260151705600.
2015-01-21 13:12:06,835 :: INFO :: Recording tweet 557873268527755265.
2015-01-21 13:12:07,849 :: INFO :: Recording tweet 557873272734646273.
2015-01-21 13:12:07,902 :: INFO :: Recording tweet 557873272743018496.
2015-01-21 13:12:08,043 :: INFO :: Recording tweet 557873272743022594.
2015-01-21 13:12:13,842 :: INFO :: Recording tweet 557873297908842497.
2015-01-21 13:12:13,866 :: INFO :: Recording tweet 557873297900462081.
2015-01-21 13:12:15,805 :: INFO :: Recording tweet 557873306310033409.
2015-01-21 13:12:15,867 :: INFO :: Recording tweet 557873306284879876.
2015-01-21 13:12:18,890 :: INFO :: Recording tweet 557873318888763392.
2015-01-21 13:12:19,811 :: INFO :: Recording tweet 557873323087265792.
2015-01-21 13:12:25,781 :: INFO :: Recording tweet 557873348236300289.
2015-01-21 13:12:26,798 :: INFO :: Recording tweet 557873352447389697.
2015-01-21 13:12:26,902 :: INFO :: Recording tweet 557873352409632768.
2015-01-21 13:12:29,803 :: INFO :: Recording tweet 557873365026082816.
2015-01-21 13:12:29,869 :: INFO :: Recording tweet 557873365021884418.
2015-01-21 13:12:30,795 :: INFO :: Recording tweet 557873369191043072.
2015-01-21 13:12:30,864 :: INFO :: Recording tweet 557873369220411396.
2015-01-21 13:12:30,889 :: INFO :: Recording tweet 557873369212010497.
2015-01-21 13:12:33,826 :: INFO :: Recording tweet 557873381778132993.
2015-01-21 13:12:33,877 :: INFO :: Recording tweet 557873381799129088.
2015-01-21 13:12:34,871 :: INFO :: Recording tweet 557873385972457476.
2015-01-21 13:12:36,809 :: INFO :: Recording tweet 557873394377830400.
2015-01-21 13:12:37,847 :: INFO :: Recording tweet 557873398546964480.
2015-01-21 13:12:38,824 :: INFO :: Recording tweet 557873402770624512.
2015-01-21 13:12:40,789 :: INFO :: Recording tweet 557873411163422722.
2015-01-21 13:12:41,113 :: INFO :: Recording tweet 557873411155050497.
2015-01-21 13:12:41,865 :: INFO :: Recording tweet 557873415345160192.
2015-01-21 13:12:42,795 :: INFO :: Recording tweet 557873419543666688.
2015-01-21 13:12:44,883 :: INFO :: Recording tweet 557873427940646915.
2015-01-21 13:12:44,967 :: INFO :: Recording tweet 557873427911290880.
2015-01-21 13:12:46,798 :: INFO :: Recording tweet 557873436295712768.
2015-01-21 13:12:46,905 :: INFO :: Recording tweet 557873436312494080.
2015-01-21 13:12:47,796 :: INFO :: Recording tweet 557873440502579201.
2015-01-21 13:12:48,859 :: INFO :: Recording tweet 557873444701102082.
2015-01-21 13:12:49,880 :: INFO :: Recording tweet 557873448912162818.
2015-01-21 13:12:50,799 :: INFO :: Recording tweet 557873453106487296.
2015-01-21 13:12:52,792 :: INFO :: Recording tweet 557873461474107392.
2015-01-21 13:12:53,800 :: INFO :: Recording tweet 557873465655840768.
2015-01-21 13:12:53,867 :: INFO :: Recording tweet 557873465693597697.
2015-01-21 13:12:56,871 :: INFO :: Recording tweet 557873478255529986.
2015-01-21 13:12:59,813 :: INFO :: Recording tweet 557873490851037184.
2015-01-21 13:12:59,870 :: INFO :: Recording tweet 557873490834259970.
2015-01-21 13:13:01,825 :: INFO :: Recording tweet 557873499227049985.
2015-01-21 13:13:04,873 :: INFO :: Recording tweet 557873511830945792.
2015-01-21 13:13:05,027 :: INFO :: Recording tweet 557873511797391361.
2015-01-21 13:13:05,854 :: INFO :: Recording tweet 557873516025237504.
2015-01-21 13:13:05,888 :: INFO :: Recording tweet 557873516016848896.
2015-01-21 13:13:06,808 :: INFO :: Recording tweet 557873520198574081.
2015-01-21 13:13:08,911 :: INFO :: Recording tweet 557873528578781184.
2015-01-21 13:13:10,825 :: INFO :: Recording tweet 557873536996753409.
2015-01-21 13:13:16,834 :: INFO :: Recording tweet 557873562129006593.
2015-01-21 13:13:21,849 :: INFO :: Recording tweet 557873583096340481.
2015-01-21 13:13:22,809 :: INFO :: Recording tweet 557873587319996417.
2015-01-21 13:13:23,825 :: INFO :: Recording tweet 557873591522709504.
2015-01-21 13:13:28,835 :: INFO :: Recording tweet 557873612456480769.
2015-01-21 13:13:29,930 :: INFO :: Recording tweet 557873616680136705.
2015-01-21 13:13:31,885 :: INFO :: Recording tweet 557873625043587072.
2015-01-21 13:13:36,807 :: INFO :: Recording tweet 557873646031880193.
2015-01-21 13:13:38,922 :: INFO :: Recording tweet 557873650221977600.
2015-01-21 13:13:39,162 :: INFO :: Recording tweet 557873654424674306.
2015-01-21 13:13:40,870 :: INFO :: Recording tweet 557873662813290496.
2015-01-21 13:13:41,792 :: INFO :: Recording tweet 557873666982424576.
2015-01-21 13:13:41,907 :: INFO :: Recording tweet 557873666986606592.
2015-01-21 13:13:43,789 :: INFO :: Recording tweet 557873675391991809.
2015-01-21 13:13:43,812 :: INFO :: Recording tweet 557873675396198400.
2015-01-21 13:13:43,826 :: INFO :: Recording tweet 557873675408773122.
2015-01-21 13:13:44,811 :: INFO :: Recording tweet 557873679603073024.
2015-01-21 13:13:46,874 :: INFO :: Recording tweet 557873687966543872.
2015-01-21 13:13:47,815 :: INFO :: Recording tweet 557873692160827393.
2015-01-21 13:13:47,847 :: INFO :: Recording tweet 557873692181790722.
2015-01-21 13:13:47,929 :: INFO :: Recording tweet 557873692156657664.
2015-01-21 13:13:48,881 :: INFO :: Recording tweet 557873696342560769.
2015-01-21 13:13:54,835 :: INFO :: Recording tweet 557873721537757184.
2015-01-21 13:13:55,814 :: INFO :: Recording tweet 557873725732044801.
2015-01-21 13:13:56,489 :: INFO :: Recording tweet 557873725719474176.
2015-01-21 13:13:57,820 :: INFO :: Recording tweet 557873734129041408.
2015-01-21 13:13:58,818 :: INFO :: Recording tweet 557873738306560001.
2015-01-21 13:13:58,881 :: INFO :: Recording tweet 557873738302365697.
2015-01-21 13:14:01,832 :: INFO :: Recording tweet 557873750872702976.
2015-01-21 13:14:04,942 :: INFO :: Recording tweet 557873763476594688.
2015-01-21 13:14:05,848 :: INFO :: Recording tweet 557873767679295489.
2015-01-21 13:14:08,829 :: INFO :: Recording tweet 557873780237021184.
2015-01-21 13:14:10,864 :: INFO :: Recording tweet 557873788642394113.
2015-01-21 13:14:11,818 :: INFO :: Recording tweet 557873792828334080.
2015-01-21 13:14:11,855 :: INFO :: Recording tweet 557873792832528384.
2015-01-21 13:14:11,881 :: INFO :: Recording tweet 557873792845094913.
2015-01-21 13:14:12,893 :: INFO :: Recording tweet 557873797043617793.
2015-01-21 13:14:13,857 :: INFO :: Recording tweet 557873801212755968.
2015-01-21 13:14:17,838 :: INFO :: Recording tweet 557873818006728704.
2015-01-21 13:14:17,890 :: INFO :: Recording tweet 557873817985769474.
2015-01-21 13:14:19,811 :: INFO :: Recording tweet 557873826403733504.
2015-01-21 13:14:20,820 :: INFO :: Recording tweet 557873830585454593.
2015-01-21 13:14:20,896 :: INFO :: Recording tweet 557873830581239809.
2015-01-21 13:14:21,838 :: INFO :: Recording tweet 557873834788139008.
2015-01-21 13:14:22,799 :: INFO :: Recording tweet 557873838978256897.
2015-01-21 13:14:25,838 :: INFO :: Recording tweet 557873851548598272.
2015-01-21 13:14:25,916 :: INFO :: Recording tweet 557873851556974592.
2015-01-21 13:14:27,019 :: INFO :: Recording tweet 557873855755468800.
2015-01-21 13:14:27,875 :: INFO :: Recording tweet 557873859958145024.
2015-01-21 13:14:30,869 :: INFO :: Recording tweet 557873872524292096.
2015-01-21 13:14:31,829 :: INFO :: Recording tweet 557873876726976515.
2015-01-21 13:14:34,814 :: INFO :: Recording tweet 557873889297334272.
2015-01-21 13:14:34,925 :: INFO :: Recording tweet 557873889301508097.
2015-01-21 13:14:35,045 :: INFO :: Recording tweet 557873889301516288.
2015-01-21 13:14:36,793 :: INFO :: Recording tweet 557873897677529090.
2015-01-21 13:14:39,789 :: INFO :: Recording tweet 557873910252068864.
2015-01-21 13:14:40,800 :: INFO :: Recording tweet 557873914484101122.
2015-01-21 13:14:41,186 :: INFO :: Recording tweet 557873914450546689.
2015-01-21 13:14:41,837 :: INFO :: Recording tweet 557873918661627904.
2015-01-21 13:14:41,866 :: INFO :: Recording tweet 557873918665850880.
2015-01-21 13:14:41,932 :: INFO :: Recording tweet 557873918678413313.
2015-01-21 13:14:44,824 :: INFO :: Recording tweet 557873931231985664.
2015-01-21 13:14:45,982 :: INFO :: Recording tweet 557873935434670080.
2015-01-21 13:14:46,874 :: INFO :: Recording tweet 557873939645730817.
2015-01-21 13:14:47,842 :: INFO :: Recording tweet 557873943831642114.
2015-01-21 13:14:48,785 :: INFO :: Recording tweet 557873948009189376.
2015-01-21 13:14:50,869 :: INFO :: Recording tweet 557873956410359808.
2015-01-21 13:14:51,819 :: INFO :: Recording tweet 557873960596283393.
2015-01-21 13:14:53,001 :: INFO :: Recording tweet 557873964815777792.
2015-01-21 13:14:53,818 :: INFO :: Recording tweet 557873968972300288.
2015-01-21 13:14:53,841 :: INFO :: Recording tweet 557873969005875200.
2015-01-21 13:14:53,859 :: INFO :: Recording tweet 557873969010049024.
2015-01-21 13:14:53,962 :: INFO :: Recording tweet 557873968980705283.
2015-01-21 13:14:54,869 :: INFO :: Recording tweet 557873973204377600.
2015-01-21 13:14:55,812 :: INFO :: Recording tweet 557873977394462720.
2015-01-21 13:14:56,799 :: INFO :: Recording tweet 557873981584584707.
2015-01-21 13:14:56,823 :: INFO :: Recording tweet 557873981588779009.
2015-01-21 13:14:59,845 :: INFO :: Recording tweet 557873994142343168.
2015-01-21 13:15:00,826 :: INFO :: Recording tweet 557873998370185216.
2015-01-21 13:15:06,016 :: INFO :: Recording tweet 557874019324952576.
2015-01-21 13:15:07,933 :: INFO :: Recording tweet 557874027726110720.
2015-01-21 13:15:08,864 :: INFO :: Recording tweet 557874031907844098.
2015-01-21 13:15:09,343 :: INFO :: Recording tweet 557874031907860481.
2015-01-21 13:15:10,895 :: INFO :: Recording tweet 557874040309039104.
2015-01-21 13:15:11,814 :: INFO :: Recording tweet 557874044490776579.
2015-01-21 13:15:12,851 :: INFO :: Recording tweet 557874048693448704.
2015-01-21 13:15:13,817 :: INFO :: Recording tweet 557874052862595072.
2015-01-21 13:15:15,815 :: INFO :: Recording tweet 557874061284757504.
2015-01-21 13:15:16,270 :: INFO :: Recording tweet 557874061247004674.
2015-01-21 13:15:16,821 :: INFO :: Recording tweet 557874065453887491.
2015-01-21 13:15:17,094 :: INFO :: Recording tweet 557874065470664705.
2015-01-21 13:15:21,816 :: INFO :: Recording tweet 557874086442192900.
2015-01-21 13:15:22,827 :: INFO :: Recording tweet 557874090632282112.
2015-01-21 13:15:23,903 :: INFO :: Recording tweet 557874094805647363.
2015-01-21 13:15:27,987 :: INFO :: Recording tweet 557874111616401409.
2015-01-21 13:15:31,873 :: INFO :: Recording tweet 557874128393621504.
2015-01-21 13:15:33,876 :: INFO :: Recording tweet 557874136778043392.
2015-01-21 13:15:35,858 :: INFO :: Recording tweet 557874145149849601.
2015-01-21 13:15:35,874 :: INFO :: Recording tweet 557874145149870080.
2015-01-21 13:15:37,872 :: INFO :: Recording tweet 557874153559457793.
2015-01-21 13:15:37,896 :: INFO :: Recording tweet 557874153521684482.
2015-01-21 13:15:37,923 :: INFO :: Recording tweet 557874153525895173.
2015-01-21 13:15:38,807 :: INFO :: Recording tweet 557874157745348610.
2015-01-21 13:15:39,781 :: INFO :: Recording tweet 557874161918697472.
2015-01-21 13:15:40,864 :: INFO :: Recording tweet 557874166133977088.
2015-01-21 13:15:40,932 :: INFO :: Recording tweet 557874166108790784.
2015-01-21 13:15:44,800 :: INFO :: Recording tweet 557874182919573504.
2015-01-21 13:15:46,810 :: INFO :: Recording tweet 557874191274627072.
2015-01-21 13:15:46,876 :: INFO :: Recording tweet 557874191308189696.
2015-01-21 13:15:48,212 :: INFO :: Recording tweet 557874195489886210.
2015-01-21 13:15:49,823 :: INFO :: Recording tweet 557874203874295808.
2015-01-21 13:15:49,865 :: INFO :: Recording tweet 557874203882684417.
2015-01-21 13:15:50,807 :: INFO :: Recording tweet 557874208056041476.
2015-01-21 13:15:50,852 :: INFO :: Recording tweet 557874208051830784.
2015-01-21 13:15:50,871 :: INFO :: Recording tweet 557874208060215296.
2015-01-21 13:15:54,798 :: INFO :: Recording tweet 557874224850010114.
2015-01-21 13:15:56,859 :: INFO :: Recording tweet 557874233234440192.
2015-01-21 13:15:57,797 :: INFO :: Recording tweet 557874237428744193.
2015-01-21 13:15:59,867 :: INFO :: Recording tweet 557874245821538305.
2015-01-21 13:16:00,806 :: INFO :: Recording tweet 557874249999085568.
2015-01-21 13:16:06,851 :: INFO :: Recording tweet 557874275177488386.
2015-01-21 13:16:07,813 :: INFO :: Recording tweet 557874279388553218.
2015-01-21 13:16:08,824 :: INFO :: Recording tweet 557874283549306882.
2015-01-21 13:16:13,788 :: INFO :: Recording tweet 557874304520843266.
2015-01-21 13:16:13,811 :: INFO :: Recording tweet 557874304533413889.
2015-01-21 13:16:14,815 :: INFO :: Recording tweet 557874308736114688.
2015-01-21 13:16:15,950 :: INFO :: Recording tweet 557874312909451266.
2015-01-21 13:16:18,933 :: INFO :: Recording tweet 557874325488156676.
2015-01-21 13:16:19,965 :: INFO :: Recording tweet 557874329711816705.
2015-01-21 13:16:25,966 :: INFO :: Recording tweet 557874354856677377.
2015-01-21 13:16:30,845 :: INFO :: Recording tweet 557874375840776193.
2015-01-21 13:16:36,804 :: INFO :: Recording tweet 557874401023369217.
2015-01-21 13:16:37,803 :: INFO :: Recording tweet 557874405192515585.
2015-01-21 13:16:38,814 :: INFO :: Recording tweet 557874409374228480.
2015-01-21 13:16:38,828 :: INFO :: Recording tweet 557874409407782912.
2015-01-21 13:16:38,846 :: INFO :: Recording tweet 557874409399394309.
2015-01-21 13:16:39,842 :: INFO :: Recording tweet 557874413585321984.
2015-01-21 13:16:41,817 :: INFO :: Recording tweet 557874421961334787.
2015-01-21 13:16:41,864 :: INFO :: Recording tweet 557874421990699008.
2015-01-21 13:16:43,889 :: INFO :: Recording tweet 557874430383497216.
2015-01-21 13:16:45,843 :: INFO :: Recording tweet 557874438759522304.
2015-01-21 13:16:50,873 :: INFO :: Recording tweet 557874459743621120.
2015-01-21 13:16:52,841 :: INFO :: Recording tweet 557874468094504962.
2015-01-21 13:16:52,989 :: INFO :: Recording tweet 557874468119642112.
2015-01-21 13:16:59,830 :: INFO :: Recording tweet 557874497463025665.
2015-01-21 13:17:00,859 :: INFO :: Recording tweet 557874501653123074.
2015-01-21 13:17:01,817 :: INFO :: Recording tweet 557874505880973313.
2015-01-21 13:17:01,962 :: INFO :: Recording tweet 557874505864208384.
2015-01-21 13:17:02,843 :: INFO :: Recording tweet 557874510041722880.
2015-01-21 13:17:02,889 :: INFO :: Recording tweet 557874510054297601.
2015-01-21 13:17:03,068 :: INFO :: Recording tweet 557874510058512384.
2015-01-21 13:17:04,847 :: INFO :: Recording tweet 557874518438739972.
2015-01-21 13:17:07,022 :: INFO :: Recording tweet 557874526823153666.
2015-01-21 13:17:07,186 :: INFO :: Recording tweet 557874526844104704.
2015-01-21 13:17:08,818 :: INFO :: Recording tweet 557874535211728898.
2015-01-21 13:17:09,801 :: INFO :: Recording tweet 557874539397660672.
2015-01-21 13:17:09,980 :: INFO :: Recording tweet 557874539418624000.
2015-01-21 13:17:13,799 :: INFO :: Recording tweet 557874556183257088.
2015-01-21 13:17:13,864 :: INFO :: Recording tweet 557874556208443393.
2015-01-21 13:17:13,960 :: INFO :: Recording tweet 557874556212633603.
2015-01-21 13:17:18,166 :: INFO :: Recording tweet 557874572952088576.
2015-01-21 13:17:19,877 :: INFO :: Recording tweet 557874581374263296.
2015-01-21 13:17:21,831 :: INFO :: Recording tweet 557874589750267905.
2015-01-21 13:17:22,858 :: INFO :: Recording tweet 557874593923608576.
2015-01-21 13:17:22,876 :: INFO :: Recording tweet 557874593936191489.
2015-01-21 13:17:26,857 :: INFO :: Recording tweet 557874610721808384.
2015-01-21 13:17:26,949 :: INFO :: Recording tweet 557874610734395393.
2015-01-21 13:17:27,843 :: INFO :: Recording tweet 557874614932869122.
2015-01-21 13:17:29,796 :: INFO :: Recording tweet 557874623283736578.
2015-01-21 13:17:34,856 :: INFO :: Recording tweet 557874644293017600.
2015-01-21 13:17:36,848 :: INFO :: Recording tweet 557874652648054785.
2015-01-21 13:17:37,810 :: INFO :: Recording tweet 557874656846569472.
2015-01-21 13:17:37,871 :: INFO :: Recording tweet 557874656850759680.
2015-01-21 13:17:37,925 :: INFO :: Recording tweet 557874656875925506.
2015-01-21 13:17:40,866 :: INFO :: Recording tweet 557874669421101056.
2015-01-21 13:17:42,827 :: INFO :: Recording tweet 557874677830651905.
2015-01-21 13:17:43,836 :: INFO :: Recording tweet 557874682024980480.
2015-01-21 13:17:44,930 :: INFO :: Recording tweet 557874686215090177.
2015-01-21 13:17:45,981 :: INFO :: Recording tweet 557874690417774592.
2015-01-21 13:17:46,834 :: INFO :: Recording tweet 557874694612086784.
2015-01-21 13:17:48,841 :: INFO :: Recording tweet 557874702988103683.
2015-01-21 13:17:48,927 :: INFO :: Recording tweet 557874703004893186.
2015-01-21 13:17:50,853 :: INFO :: Recording tweet 557874711376723968.
2015-01-21 13:17:51,868 :: INFO :: Recording tweet 557874715591999489.
2015-01-21 13:17:52,804 :: INFO :: Recording tweet 557874719790497793.
2015-01-21 13:17:54,803 :: INFO :: Recording tweet 557874728141352960.
2015-01-21 13:17:54,848 :: INFO :: Recording tweet 557874728145518592.
2015-01-21 13:17:56,867 :: INFO :: Recording tweet 557874736555130882.
2015-01-21 13:17:57,844 :: INFO :: Recording tweet 557874740757794816.
2015-01-21 13:18:00,895 :: INFO :: Recording tweet 557874753315557376.
2015-01-21 13:18:01,809 :: INFO :: Recording tweet 557874757505650690.
2015-01-21 13:18:01,833 :: INFO :: Recording tweet 557874757539201024.
2015-01-21 13:18:01,880 :: INFO :: Recording tweet 557874757514051585.
2015-01-21 13:18:02,831 :: INFO :: Recording tweet 557874761716744193.
2015-01-21 13:18:02,936 :: INFO :: Recording tweet 557874761733533696.
2015-01-21 13:18:03,797 :: INFO :: Recording tweet 557874765902647298.
2015-01-21 13:18:03,833 :: INFO :: Recording tweet 557874765906870273.
2015-01-21 13:18:03,887 :: INFO :: Recording tweet 557874765890080769.
2015-01-21 13:18:06,821 :: INFO :: Recording tweet 557874778485587970.
2015-01-21 13:18:06,866 :: INFO :: Recording tweet 557874778498166785.
2015-01-21 13:18:06,880 :: INFO :: Recording tweet 557874778485579776.
2015-01-21 13:18:07,817 :: INFO :: Recording tweet 557874782692458496.
2015-01-21 13:18:10,031 :: INFO :: Recording tweet 557874791068471298.
2015-01-21 13:18:10,829 :: INFO :: Recording tweet 557874795254403072.
2015-01-21 13:18:10,944 :: INFO :: Recording tweet 557874795271192576.
2015-01-21 13:18:11,845 :: INFO :: Recording tweet 557874799448707072.
2015-01-21 13:18:11,885 :: INFO :: Recording tweet 557874799444512768.
2015-01-21 13:18:12,840 :: INFO :: Recording tweet 557874803655589888.
2015-01-21 13:18:12,879 :: INFO :: Recording tweet 557874803668189186.
2015-01-21 13:18:13,804 :: INFO :: Recording tweet 557874807833108480.
2015-01-21 13:18:13,831 :: INFO :: Recording tweet 557874807862493184.
2015-01-21 13:18:13,887 :: INFO :: Recording tweet 557874807866687488.
2015-01-21 13:18:15,191 :: INFO :: Recording tweet 557874812052578306.
2015-01-21 13:18:16,921 :: INFO :: Recording tweet 557874820453781504.
2015-01-21 13:18:18,831 :: INFO :: Recording tweet 557874828821426176.
2015-01-21 13:18:20,848 :: INFO :: Recording tweet 557874837231009793.
2015-01-21 13:18:20,897 :: INFO :: Recording tweet 557874837226811393.
2015-01-21 13:18:20,912 :: INFO :: Recording tweet 557874837205815296.
2015-01-21 13:18:20,998 :: INFO :: Recording tweet 557874837226782721.
2015-01-21 13:18:21,062 :: INFO :: Recording tweet 557874837214199809.
2015-01-21 13:18:22,829 :: INFO :: Recording tweet 557874845598642176.
2015-01-21 13:18:23,840 :: INFO :: Recording tweet 557874849776173056.
2015-01-21 13:18:24,869 :: INFO :: Recording tweet 557874854004031488.
2015-01-21 13:18:25,872 :: INFO :: Recording tweet 557874858185723905.
2015-01-21 13:18:26,010 :: INFO :: Recording tweet 557874858202513410.
2015-01-21 13:18:26,873 :: INFO :: Recording tweet 557874862363258882.
2015-01-21 13:18:27,832 :: INFO :: Recording tweet 557874866557575170.
2015-01-21 13:18:29,850 :: INFO :: Recording tweet 557874874971328512.
2015-01-21 13:18:30,907 :: INFO :: Recording tweet 557874879136268288.
2015-01-21 13:18:33,832 :: INFO :: Recording tweet 557874891740160000.
2015-01-21 13:18:33,941 :: INFO :: Recording tweet 557874891727581184.
2015-01-21 13:18:37,811 :: INFO :: Recording tweet 557874908534173700.
2015-01-21 13:18:38,852 :: INFO :: Recording tweet 557874912715886592.
2015-01-21 13:18:39,891 :: INFO :: Recording tweet 557874916889214979.
2015-01-21 13:18:41,821 :: INFO :: Recording tweet 557874925277806592.
2015-01-21 13:18:43,846 :: INFO :: Recording tweet 557874933674807297.
2015-01-21 13:18:43,944 :: INFO :: Recording tweet 557874933699985411.
2015-01-21 13:18:44,801 :: INFO :: Recording tweet 557874937869135872.
2015-01-21 13:18:45,796 :: INFO :: Recording tweet 557874942055038978.
2015-01-21 13:18:46,843 :: INFO :: Recording tweet 557874946245156864.
2015-01-21 13:18:47,858 :: INFO :: Recording tweet 557874950443646978.
2015-01-21 13:18:48,841 :: INFO :: Recording tweet 557874954658918400.
2015-01-21 13:18:50,872 :: INFO :: Recording tweet 557874963051728897.
2015-01-21 13:18:50,898 :: INFO :: Recording tweet 557874963030769664.
2015-01-21 13:18:50,952 :: INFO :: Recording tweet 557874963060101120.
2015-01-21 13:18:51,836 :: INFO :: Recording tweet 557874967237640192.
2015-01-21 13:18:51,924 :: INFO :: Recording tweet 557874967225053184.
2015-01-21 13:18:54,867 :: INFO :: Recording tweet 557874979837345793.
2015-01-21 13:18:55,812 :: INFO :: Recording tweet 557874984014852098.
2015-01-21 13:18:56,844 :: INFO :: Recording tweet 557874988209176578.
2015-01-21 13:18:56,878 :: INFO :: Recording tweet 557874988213354497.
2015-01-21 13:18:57,882 :: INFO :: Recording tweet 557874992403460098.
2015-01-21 13:18:59,865 :: INFO :: Recording tweet 557875000796266497.
2015-01-21 13:19:03,874 :: INFO :: Recording tweet 557875017560915970.
2015-01-21 13:19:05,870 :: INFO :: Recording tweet 557875025970462720.
2015-01-21 13:19:11,827 :: INFO :: Recording tweet 557875051106930688.
2015-01-21 13:19:12,961 :: INFO :: Recording tweet 557875055330603008.
2015-01-21 13:19:16,009 :: INFO :: Recording tweet 557875067913531392.
2015-01-21 13:19:19,804 :: INFO :: Recording tweet 557875084661374977.
2015-01-21 13:19:20,840 :: INFO :: Recording tweet 557875088859860992.
2015-01-21 13:19:22,816 :: INFO :: Recording tweet 557875097252667393.
2015-01-21 13:19:23,092 :: INFO :: Recording tweet 557875097277841411.
2015-01-21 13:19:24,796 :: INFO :: Recording tweet 557875105628692480.
2015-01-21 13:19:26,781 :: INFO :: Recording tweet 557875114029907969.
2015-01-21 13:19:27,787 :: INFO :: Recording tweet 557875118219988994.
2015-01-21 13:19:27,811 :: INFO :: Recording tweet 557875118245175296.
2015-01-21 13:19:29,011 :: INFO :: Recording tweet 557875122414297088.
2015-01-21 13:19:30,931 :: INFO :: Recording tweet 557875130798702593.
2015-01-21 13:19:32,957 :: INFO :: Recording tweet 557875139208302593.
2015-01-21 13:19:33,001 :: INFO :: Recording tweet 557875139208290304.
2015-01-21 13:19:35,824 :: INFO :: Recording tweet 557875151803809792.
2015-01-21 13:19:36,969 :: INFO :: Recording tweet 557875155960365056.
2015-01-21 13:19:37,832 :: INFO :: Recording tweet 557875160179822592.
2015-01-21 13:19:42,809 :: INFO :: Recording tweet 557875181126172672.
2015-01-21 13:19:43,939 :: INFO :: Recording tweet 557875185328881664.
2015-01-21 13:19:49,866 :: INFO :: Recording tweet 557875210498895872.
2015-01-21 13:19:50,817 :: INFO :: Recording tweet 557875214701588480.
2015-01-21 13:19:54,858 :: INFO :: Recording tweet 557875231495585792.
2015-01-21 13:19:54,878 :: INFO :: Recording tweet 557875231466213377.
2015-01-21 13:19:56,462 :: INFO :: Recording tweet 557875235656327168.
2015-01-21 13:19:56,881 :: INFO :: Recording tweet 557875235685670912.
2015-01-21 13:19:57,135 :: INFO :: Recording tweet 557875235664715777.
2015-01-21 13:19:57,151 :: INFO :: Recording tweet 557875239854825473.
2015-01-21 13:19:58,481 :: INFO :: Recording tweet 557875239863222275.
2015-01-21 13:19:59,303 :: INFO :: Recording tweet 557875244070080514.
2015-01-21 13:20:02,293 :: INFO :: Recording tweet 557875260826320900.
2015-01-21 13:20:05,962 :: INFO :: Recording tweet 557875277616136192.
2015-01-21 13:20:06,816 :: INFO :: Recording tweet 557875281810452481.
2015-01-21 13:20:07,952 :: INFO :: Recording tweet 557875285987975169.
2015-01-21 13:20:13,959 :: INFO :: Recording tweet 557875311174774784.
2015-01-21 13:20:16,820 :: INFO :: Recording tweet 557875323757670402.
2015-01-21 13:20:16,871 :: INFO :: Recording tweet 557875323736711169.
2015-01-21 13:20:21,931 :: INFO :: Recording tweet 557875344729206785.
2015-01-21 13:20:22,827 :: INFO :: Recording tweet 557875348931887105.
2015-01-21 13:20:24,809 :: INFO :: Recording tweet 557875357307924482.
2015-01-21 13:20:24,849 :: INFO :: Recording tweet 557875357286948864.
2015-01-21 13:20:24,868 :: INFO :: Recording tweet 557875357307895811.
2015-01-21 13:20:26,820 :: INFO :: Recording tweet 557875365709119489.
2015-01-21 13:20:26,847 :: INFO :: Recording tweet 557875365709119491.
2015-01-21 13:20:27,854 :: INFO :: Recording tweet 557875369895002113.
2015-01-21 13:20:31,865 :: INFO :: Recording tweet 557875386647076866.
2015-01-21 13:20:32,866 :: INFO :: Recording tweet 557875390862360578.
2015-01-21 13:20:33,884 :: INFO :: Recording tweet 557875395056635905.
2015-01-21 13:20:34,013 :: INFO :: Recording tweet 557875395065036800.
2015-01-21 13:20:34,786 :: INFO :: Recording tweet 557875399242579969.
2015-01-21 13:20:34,808 :: INFO :: Recording tweet 557875399246761984.
2015-01-21 13:20:36,839 :: INFO :: Recording tweet 557875407618584576.
2015-01-21 13:20:40,845 :: INFO :: Recording tweet 557875424433557504.
2015-01-21 13:20:40,877 :: INFO :: Recording tweet 557875424399994880.
2015-01-21 13:20:42,813 :: INFO :: Recording tweet 557875432801206273.
2015-01-21 13:20:44,814 :: INFO :: Recording tweet 557875441185595392.
2015-01-21 13:20:45,035 :: INFO :: Recording tweet 557875441185611777.
2015-01-21 13:20:45,847 :: INFO :: Recording tweet 557875445396701187.
2015-01-21 13:20:49,814 :: INFO :: Recording tweet 557875462144524288.
2015-01-21 13:20:50,859 :: INFO :: Recording tweet 557875466376601605.
2015-01-21 13:20:53,792 :: INFO :: Recording tweet 557875478946938880.
2015-01-21 13:20:53,819 :: INFO :: Recording tweet 557875478930153473.
2015-01-21 13:20:54,930 :: INFO :: Recording tweet 557875483116048384.
2015-01-21 13:20:56,207 :: INFO :: Recording tweet 557875487335546880.
2015-01-21 13:20:58,853 :: INFO :: Recording tweet 557875499910062082.
2015-01-21 13:20:58,881 :: INFO :: Recording tweet 557875499905867776.
2015-01-21 13:20:59,844 :: INFO :: Recording tweet 557875504116940802.
2015-01-21 13:21:01,867 :: INFO :: Recording tweet 557875512505565185.
2015-01-21 13:21:03,852 :: INFO :: Recording tweet 557875520877395968.
2015-01-21 13:21:03,918 :: INFO :: Recording tweet 557875520885760000.
2015-01-21 13:21:04,874 :: INFO :: Recording tweet 557875525084278785.
2015-01-21 13:21:06,857 :: INFO :: Recording tweet 557875533472882689.
2015-01-21 13:21:06,894 :: INFO :: Recording tweet 557875533464494080.
2015-01-21 13:21:08,989 :: INFO :: Recording tweet 557875541844717568.
2015-01-21 13:21:09,790 :: INFO :: Recording tweet 557875546068381698.
2015-01-21 13:21:11,921 :: INFO :: Recording tweet 557875554444394497.
2015-01-21 13:21:13,848 :: INFO :: Recording tweet 557875562824626178.
2015-01-21 13:21:13,991 :: INFO :: Recording tweet 557875562820427776.
2015-01-21 13:21:16,780 :: INFO :: Recording tweet 557875575403323392.
2015-01-21 13:21:18,877 :: INFO :: Recording tweet 557875583808708608.
2015-01-21 13:21:19,838 :: INFO :: Recording tweet 557875587994640385.
2015-01-21 13:21:20,824 :: INFO :: Recording tweet 557875592197316609.
2015-01-21 13:21:21,823 :: INFO :: Recording tweet 557875596366479361.
2015-01-21 13:21:22,821 :: INFO :: Recording tweet 557875600560766977.
2015-01-21 13:21:22,840 :: INFO :: Recording tweet 557875600594309121.
2015-01-21 13:21:22,861 :: INFO :: Recording tweet 557875600585928708.
2015-01-21 13:21:23,841 :: INFO :: Recording tweet 557875604771856385.
2015-01-21 13:21:23,881 :: INFO :: Recording tweet 557875604763443202.
2015-01-21 13:21:24,786 :: INFO :: Recording tweet 557875608978747392.
2015-01-21 13:21:27,804 :: INFO :: Recording tweet 557875621540691969.
2015-01-21 13:21:27,816 :: INFO :: Recording tweet 557875621540667392.
2015-01-21 13:21:27,860 :: INFO :: Recording tweet 557875621561638912.
2015-01-21 13:21:28,817 :: INFO :: Recording tweet 557875625751748608.
2015-01-21 13:21:29,818 :: INFO :: Recording tweet 557875629950238720.
2015-01-21 13:21:29,901 :: INFO :: Recording tweet 557875629916708866.
2015-01-21 13:21:33,796 :: INFO :: Recording tweet 557875646706487296.
2015-01-21 13:21:33,853 :: INFO :: Recording tweet 557875646706507777.
2015-01-21 13:21:33,880 :: INFO :: Recording tweet 557875646702317568.
2015-01-21 13:21:36,836 :: INFO :: Recording tweet 557875659314569217.
2015-01-21 13:21:41,830 :: INFO :: Recording tweet 557875680256720896.
2015-01-21 13:21:42,800 :: INFO :: Recording tweet 557875684476198914.
2015-01-21 13:21:42,880 :: INFO :: Recording tweet 557875684480397312.
2015-01-21 13:21:44,819 :: INFO :: Recording tweet 557875692856430592.
2015-01-21 13:21:45,824 :: INFO :: Recording tweet 557875697046523904.
2015-01-21 13:21:45,934 :: INFO :: Recording tweet 557875697029771266.
2015-01-21 13:21:45,946 :: INFO :: Recording tweet 557875697054932992.
2015-01-21 13:21:46,872 :: INFO :: Recording tweet 557875701240836097.
2015-01-21 13:21:48,810 :: INFO :: Recording tweet 557875709616873472.
2015-01-21 13:21:48,827 :: INFO :: Recording tweet 557875709629452289.
2015-01-21 13:21:49,889 :: INFO :: Recording tweet 557875713802784768.
2015-01-21 13:21:50,815 :: INFO :: Recording tweet 557875718030626816.
2015-01-21 13:21:51,013 :: INFO :: Recording tweet 557875718018064387.
2015-01-21 13:21:52,831 :: INFO :: Recording tweet 557875726423437313.
2015-01-21 13:21:55,789 :: INFO :: Recording tweet 557875738972794880.
2015-01-21 13:21:56,942 :: INFO :: Recording tweet 557875743192281089.
2015-01-21 13:22:04,035 :: INFO :: Recording tweet 557875772556578816.
2015-01-21 13:22:04,777 :: INFO :: Recording tweet 557875776721539074.
2015-01-21 13:22:04,809 :: INFO :: Recording tweet 557875776725725185.
2015-01-21 13:22:04,984 :: INFO :: Recording tweet 557875776721534979.
2015-01-21 13:22:05,035 :: INFO :: Recording tweet 557875776721534978.
2015-01-21 13:22:05,860 :: INFO :: Recording tweet 557875780928421888.
2015-01-21 13:22:07,907 :: INFO :: Recording tweet 557875789325406209.
2015-01-21 13:22:09,806 :: INFO :: Recording tweet 557875797697249281.
2015-01-21 13:22:10,821 :: INFO :: Recording tweet 557875801912541184.
2015-01-21 13:22:11,817 :: INFO :: Recording tweet 557875806098456577.
2015-01-21 13:22:11,895 :: INFO :: Recording tweet 557875806106828800.
2015-01-21 13:22:12,805 :: INFO :: Recording tweet 557875810284363777.
2015-01-21 13:22:14,818 :: INFO :: Recording tweet 557875818672959488.
2015-01-21 13:22:15,865 :: INFO :: Recording tweet 557875822884057089.
2015-01-21 13:22:16,812 :: INFO :: Recording tweet 557875827048972288.
2015-01-21 13:22:17,878 :: INFO :: Recording tweet 557875831281037313.
2015-01-21 13:22:20,843 :: INFO :: Recording tweet 557875843834605569.
2015-01-21 13:22:21,800 :: INFO :: Recording tweet 557875848024707076.
2015-01-21 13:22:23,878 :: INFO :: Recording tweet 557875856434298882.
2015-01-21 13:22:24,821 :: INFO :: Recording tweet 557875860620210176.
2015-01-21 13:22:26,822 :: INFO :: Recording tweet 557875868996210690.
2015-01-21 13:22:27,805 :: INFO :: Recording tweet 557875873207308289.
2015-01-21 13:22:27,870 :: INFO :: Recording tweet 557875873198915585.
2015-01-21 13:22:29,795 :: INFO :: Recording tweet 557875881587523587.
2015-01-21 13:22:30,783 :: INFO :: Recording tweet 557875885790216194.
2015-01-21 13:22:30,879 :: INFO :: Recording tweet 557875885794418688.
2015-01-21 13:22:31,789 :: INFO :: Recording tweet 557875889963560960.
2015-01-21 13:22:32,276 :: INFO :: Recording tweet 557875889984536578.
2015-01-21 13:22:32,827 :: INFO :: Recording tweet 557875894170427393.
2015-01-21 13:22:32,870 :: INFO :: Recording tweet 557875894183034882.
2015-01-21 13:22:32,965 :: INFO :: Recording tweet 557875894191403008.
2015-01-21 13:22:34,844 :: INFO :: Recording tweet 557875902546477057.
2015-01-21 13:22:36,887 :: INFO :: Recording tweet 557875910960226308.
2015-01-21 13:22:40,841 :: INFO :: Recording tweet 557875927750017026.
2015-01-21 13:22:42,800 :: INFO :: Recording tweet 557875936100900864.
2015-01-21 13:22:42,931 :: INFO :: Recording tweet 557875936138629120.
2015-01-21 13:22:43,816 :: INFO :: Recording tweet 557875940311965697.
2015-01-21 13:22:43,896 :: INFO :: Recording tweet 557875940307795968.
2015-01-21 13:22:44,858 :: INFO :: Recording tweet 557875944493711360.
2015-01-21 13:22:46,854 :: INFO :: Recording tweet 557875952894877696.
2015-01-21 13:22:46,883 :: INFO :: Recording tweet 557875952894902272.
2015-01-21 13:22:46,899 :: INFO :: Recording tweet 557875952882307075.
2015-01-21 13:22:47,823 :: INFO :: Recording tweet 557875957110169602.
2015-01-21 13:22:49,797 :: INFO :: Recording tweet 557875965486174210.
2015-01-21 13:22:50,880 :: INFO :: Recording tweet 557875969680506880.
2015-01-21 13:22:51,802 :: INFO :: Recording tweet 557875973862219777.
2015-01-21 13:22:52,800 :: INFO :: Recording tweet 557875978081677312.
2015-01-21 13:22:53,839 :: INFO :: Recording tweet 557875982238232577.
2015-01-21 13:22:54,868 :: INFO :: Recording tweet 557875986466078720.
2015-01-21 13:22:54,894 :: INFO :: Recording tweet 557875986466095104.
2015-01-21 13:22:55,803 :: INFO :: Recording tweet 557875990664577024.
2015-01-21 13:22:55,839 :: INFO :: Recording tweet 557875990647799808.
2015-01-21 13:22:55,869 :: INFO :: Recording tweet 557875990643638274.
2015-01-21 13:22:57,813 :: INFO :: Recording tweet 557875999044804608.
2015-01-21 13:22:57,846 :: INFO :: Recording tweet 557875999032213505.
2015-01-21 13:23:01,018 :: INFO :: Recording tweet 557876011606769664.
2015-01-21 13:23:02,815 :: INFO :: Recording tweet 557876019999559680.
2015-01-21 13:23:07,840 :: INFO :: Recording tweet 557876040966877185.
2015-01-21 13:23:08,850 :: INFO :: Recording tweet 557876045186359296.
2015-01-21 13:23:11,820 :: INFO :: Recording tweet 557876057760866304.
2015-01-21 13:23:11,974 :: INFO :: Recording tweet 557876057739890689.
2015-01-21 13:23:14,802 :: INFO :: Recording tweet 557876070335381504.
2015-01-21 13:23:16,812 :: INFO :: Recording tweet 557876078740783105.
2015-01-21 13:23:18,832 :: INFO :: Recording tweet 557876087125196800.
2015-01-21 13:23:21,835 :: INFO :: Recording tweet 557876099678740480.
2015-01-21 13:23:22,223 :: INFO :: Recording tweet 557876099716509698.
2015-01-21 13:23:23,800 :: INFO :: Recording tweet 557876108084125696.
2015-01-21 13:23:23,818 :: INFO :: Recording tweet 557876108096724993.
2015-01-21 13:23:23,834 :: INFO :: Recording tweet 557876108105117697.
2015-01-21 13:23:24,851 :: INFO :: Recording tweet 557876112270057472.
2015-01-21 13:23:25,899 :: INFO :: Recording tweet 557876116468535298.
2015-01-21 13:23:26,857 :: INFO :: Recording tweet 557876120658640897.
2015-01-21 13:23:29,843 :: INFO :: Recording tweet 557876133258334209.
2015-01-21 13:23:30,883 :: INFO :: Recording tweet 557876137461055488.
2015-01-21 13:23:31,861 :: INFO :: Recording tweet 557876141630181377.
2015-01-21 13:23:32,788 :: INFO :: Recording tweet 557876145845452802.
2015-01-21 13:23:33,828 :: INFO :: Recording tweet 557876150039752705.
2015-01-21 13:23:33,869 :: INFO :: Recording tweet 557876150010388482.
2015-01-21 13:23:34,826 :: INFO :: Recording tweet 557876154225680386.
2015-01-21 13:23:34,880 :: INFO :: Recording tweet 557876154204688386.
2015-01-21 13:23:35,846 :: INFO :: Recording tweet 557876158399004672.
2015-01-21 13:23:36,801 :: INFO :: Recording tweet 557876162593292289.
2015-01-21 13:23:36,846 :: INFO :: Recording tweet 557876162605895681.
2015-01-21 13:23:37,797 :: INFO :: Recording tweet 557876166791806976.
2015-01-21 13:23:37,808 :: INFO :: Recording tweet 557876166812766208.
2015-01-21 13:23:39,843 :: INFO :: Recording tweet 557876175197196289.
2015-01-21 13:23:42,982 :: INFO :: Recording tweet 557876187771731970.
2015-01-21 13:23:43,820 :: INFO :: Recording tweet 557876191991193601.
2015-01-21 13:23:44,796 :: INFO :: Recording tweet 557876196177088512.
2015-01-21 13:23:46,830 :: INFO :: Recording tweet 557876204561530881.
2015-01-21 13:23:47,793 :: INFO :: Recording tweet 557876208734842881.
2015-01-21 13:23:48,798 :: INFO :: Recording tweet 557876212929150976.
2015-01-21 13:23:56,831 :: INFO :: Recording tweet 557876246479405058.
2015-01-21 13:23:58,830 :: INFO :: Recording tweet 557876254897356802.
2015-01-21 13:23:59,838 :: INFO :: Recording tweet 557876259066486784.
2015-01-21 13:24:01,800 :: INFO :: Recording tweet 557876267450900480.
2015-01-21 13:24:02,792 :: INFO :: Recording tweet 557876271674576902.
2015-01-21 13:24:03,830 :: INFO :: Recording tweet 557876275868872704.
2015-01-21 13:24:04,803 :: INFO :: Recording tweet 557876280058970115.
2015-01-21 13:24:04,937 :: INFO :: Recording tweet 557876280038014978.
2015-01-21 13:24:05,006 :: INFO :: Recording tweet 557876280042205186.
2015-01-21 13:24:05,790 :: INFO :: Recording tweet 557876284232335360.
2015-01-21 13:24:06,838 :: INFO :: Recording tweet 557876288426622977.
2015-01-21 13:24:08,841 :: INFO :: Recording tweet 557876296827797504.
2015-01-21 13:24:10,797 :: INFO :: Recording tweet 557876305237385217.
2015-01-21 13:24:11,838 :: INFO :: Recording tweet 557876309423321088.
2015-01-21 13:24:13,885 :: INFO :: Recording tweet 557876317803520002.
2015-01-21 13:24:15,851 :: INFO :: Recording tweet 557876326192119808.
2015-01-21 13:24:15,928 :: INFO :: Recording tweet 557876326192148483.
2015-01-21 13:24:16,796 :: INFO :: Recording tweet 557876330394816513.
2015-01-21 13:24:16,832 :: INFO :: Recording tweet 557876330399006721.
2015-01-21 13:24:16,914 :: INFO :: Recording tweet 557876330390646784.
2015-01-21 13:24:19,839 :: INFO :: Recording tweet 557876342977748992.
2015-01-21 13:24:21,812 :: INFO :: Recording tweet 557876351349587968.
2015-01-21 13:24:23,802 :: INFO :: Recording tweet 557876359733989378.
2015-01-21 13:24:26,985 :: INFO :: Recording tweet 557876372329484288.
2015-01-21 13:24:30,848 :: INFO :: Recording tweet 557876389115068416.
2015-01-21 13:24:31,832 :: INFO :: Recording tweet 557876393284239360.
2015-01-21 13:24:35,818 :: INFO :: Recording tweet 557876410090799105.
2015-01-21 13:24:36,825 :: INFO :: Recording tweet 557876414285103104.
2015-01-21 13:24:37,813 :: INFO :: Recording tweet 557876418462638082.
2015-01-21 13:24:37,857 :: INFO :: Recording tweet 557876418466828288.
2015-01-21 13:24:37,879 :: INFO :: Recording tweet 557876418445844480.
2015-01-21 13:24:38,963 :: INFO :: Recording tweet 557876422652739586.
2015-01-21 13:24:39,884 :: INFO :: Recording tweet 557876426872225793.
2015-01-21 13:24:41,820 :: INFO :: Recording tweet 557876435256631298.
2015-01-21 13:24:43,829 :: INFO :: Recording tweet 557876443636826113.
2015-01-21 13:24:43,852 :: INFO :: Recording tweet 557876443636850688.
2015-01-21 13:24:44,837 :: INFO :: Recording tweet 557876447810170880.
2015-01-21 13:24:44,858 :: INFO :: Recording tweet 557876447810183168.
2015-01-21 13:24:48,839 :: INFO :: Recording tweet 557876464608346112.
2015-01-21 13:24:49,832 :: INFO :: Recording tweet 557876468790095875.
2015-01-21 13:24:50,775 :: INFO :: Recording tweet 557876472992784385.
2015-01-21 13:24:50,834 :: INFO :: Recording tweet 557876473005363201.
2015-01-21 13:24:52,816 :: INFO :: Recording tweet 557876481368801284.
2015-01-21 13:24:52,872 :: INFO :: Recording tweet 557876481360416770.
2015-01-21 13:24:53,832 :: INFO :: Recording tweet 557876485563109379.
2015-01-21 13:24:56,829 :: INFO :: Recording tweet 557876498158604289.
2015-01-21 13:24:56,837 :: INFO :: Recording tweet 557876498166992896.
2015-01-21 13:24:56,877 :: INFO :: Recording tweet 557876498141822978.
2015-01-21 13:24:57,810 :: INFO :: Recording tweet 557876502331932672.
2015-01-21 13:24:57,845 :: INFO :: Recording tweet 557876502365474817.
2015-01-21 13:24:57,901 :: INFO :: Recording tweet 557876502361288704.
2015-01-21 13:24:58,828 :: INFO :: Recording tweet 557876506538827777.
2015-01-21 13:24:58,862 :: INFO :: Recording tweet 557876506563997696.
2015-01-21 13:25:01,821 :: INFO :: Recording tweet 557876519125913603.
2015-01-21 13:25:04,855 :: INFO :: Recording tweet 557876531721428992.
2015-01-21 13:25:08,871 :: INFO :: Recording tweet 557876548494454785.
2015-01-21 13:25:10,837 :: INFO :: Recording tweet 557876556891439107.
2015-01-21 13:25:12,853 :: INFO :: Recording tweet 557876565280051200.
2015-01-21 13:25:13,798 :: INFO :: Recording tweet 557876569461768194.
2015-01-21 13:25:13,834 :: INFO :: Recording tweet 557876569457590273.
2015-01-21 13:25:18,849 :: INFO :: Recording tweet 557876590429077504.
2015-01-21 13:25:22,822 :: INFO :: Recording tweet 557876607197908992.
2015-01-21 13:25:24,918 :: INFO :: Recording tweet 557876615590735872.
2015-01-21 13:25:25,814 :: INFO :: Recording tweet 557876619789225984.
2015-01-21 13:25:25,851 :: INFO :: Recording tweet 557876619785011200.
2015-01-21 13:25:25,898 :: INFO :: Recording tweet 557876619797626881.
2015-01-21 13:25:26,844 :: INFO :: Recording tweet 557876624000307204.
2015-01-21 13:25:28,042 :: INFO :: Recording tweet 557876628177833986.
2015-01-21 13:25:28,829 :: INFO :: Recording tweet 557876632393113601.
2015-01-21 13:25:29,803 :: INFO :: Recording tweet 557876636549672961.
2015-01-21 13:25:30,009 :: INFO :: Recording tweet 557876636587417601.
2015-01-21 13:25:31,849 :: INFO :: Recording tweet 557876644955029505.
2015-01-21 13:25:33,824 :: INFO :: Recording tweet 557876653343653888.
2015-01-21 13:25:34,827 :: INFO :: Recording tweet 557876657529569281.
2015-01-21 13:25:35,827 :: INFO :: Recording tweet 557876661719666689.
2015-01-21 13:25:35,850 :: INFO :: Recording tweet 557876661723889664.
2015-01-21 13:25:36,803 :: INFO :: Recording tweet 557876665926561792.
2015-01-21 13:25:40,816 :: INFO :: Recording tweet 557876682716360707.
2015-01-21 13:25:41,813 :: INFO :: Recording tweet 557876686889701378.
2015-01-21 13:25:43,809 :: INFO :: Recording tweet 557876695278301185.
2015-01-21 13:25:43,836 :: INFO :: Recording tweet 557876695269904384.
2015-01-21 13:25:43,865 :: INFO :: Recording tweet 557876695290871808.
2015-01-21 13:25:44,826 :: INFO :: Recording tweet 557876699497766913.
2015-01-21 13:25:45,175 :: INFO :: Recording tweet 557876699485196289.
2015-01-21 13:25:45,805 :: INFO :: Recording tweet 557876703679496192.
2015-01-21 13:25:46,856 :: INFO :: Recording tweet 557876707882192898.
2015-01-21 13:25:47,825 :: INFO :: Recording tweet 557876712063897600.
2015-01-21 13:25:48,785 :: INFO :: Recording tweet 557876716249817088.
2015-01-21 13:25:48,800 :: INFO :: Recording tweet 557876716241453056.
2015-01-21 13:25:48,857 :: INFO :: Recording tweet 557876716279169024.
2015-01-21 13:25:49,869 :: INFO :: Recording tweet 557876720465096704.
2015-01-21 13:25:50,779 :: INFO :: Recording tweet 557876724634238977.
2015-01-21 13:25:50,807 :: INFO :: Recording tweet 557876724630061057.
2015-01-21 13:25:50,823 :: INFO :: Recording tweet 557876724655194113.
2015-01-21 13:25:51,841 :: INFO :: Recording tweet 557876728853692416.
2015-01-21 13:25:54,935 :: INFO :: Recording tweet 557876741419839489.
2015-01-21 13:25:56,817 :: INFO :: Recording tweet 557876749795868672.
2015-01-21 13:25:57,810 :: INFO :: Recording tweet 557876754023718912.
2015-01-21 13:25:59,940 :: INFO :: Recording tweet 557876762399739904.
2015-01-21 13:26:00,822 :: INFO :: Recording tweet 557876766594048001.
2015-01-21 13:26:04,916 :: INFO :: Recording tweet 557876783367094273.
2015-01-21 13:26:05,804 :: INFO :: Recording tweet 557876787573968896.
2015-01-21 13:26:05,935 :: INFO :: Recording tweet 557876787544608769.
2015-01-21 13:26:06,814 :: INFO :: Recording tweet 557876791768264704.
2015-01-21 13:26:08,913 :: INFO :: Recording tweet 557876800127528960.
2015-01-21 13:26:11,806 :: INFO :: Recording tweet 557876812735594497.
2015-01-21 13:26:12,804 :: INFO :: Recording tweet 557876816929882112.
2015-01-21 13:26:13,015 :: INFO :: Recording tweet 557876816921518081.
2015-01-21 13:26:13,804 :: INFO :: Recording tweet 557876821099028480.
2015-01-21 13:26:13,850 :: INFO :: Recording tweet 557876821124202497.
2015-01-21 13:26:13,866 :: INFO :: Recording tweet 557876821136777218.
2015-01-21 13:26:14,967 :: INFO :: Recording tweet 557876825301721088.
2015-01-21 13:26:15,829 :: INFO :: Recording tweet 557876829504405506.
2015-01-21 13:26:17,855 :: INFO :: Recording tweet 557876837893025792.
2015-01-21 13:26:18,802 :: INFO :: Recording tweet 557876842091536387.
2015-01-21 13:26:20,857 :: INFO :: Recording tweet 557876850467540992.
2015-01-21 13:26:22,850 :: INFO :: Recording tweet 557876858856161284.
2015-01-21 13:26:22,962 :: INFO :: Recording tweet 557876858877124611.
2015-01-21 13:26:23,838 :: INFO :: Recording tweet 557876863063044097.
2015-01-21 13:26:23,847 :: INFO :: Recording tweet 557876863075631105.
2015-01-21 13:26:23,868 :: INFO :: Recording tweet 557876863042072577.
2015-01-21 13:26:24,806 :: INFO :: Recording tweet 557876867236372480.
2015-01-21 13:26:24,819 :: INFO :: Recording tweet 557876867240587264.
2015-01-21 13:26:27,813 :: INFO :: Recording tweet 557876879831883776.
2015-01-21 13:26:27,851 :: INFO :: Recording tweet 557876879831875586.
2015-01-21 13:26:30,816 :: INFO :: Recording tweet 557876892431581184.
2015-01-21 13:26:30,861 :: INFO :: Recording tweet 557876892431568896.
2015-01-21 13:26:30,874 :: INFO :: Recording tweet 557876892427354113.
2015-01-21 13:26:31,819 :: INFO :: Recording tweet 557876896617463809.
2015-01-21 13:26:32,109 :: INFO :: Recording tweet 557876896617467905.
2015-01-21 13:26:33,812 :: INFO :: Recording tweet 557876904993513473.
2015-01-21 13:26:34,824 :: INFO :: Recording tweet 557876909196210178.
2015-01-21 13:26:34,851 :: INFO :: Recording tweet 557876909196214272.
2015-01-21 13:26:36,099 :: INFO :: Recording tweet 557876913394679808.
2015-01-21 13:26:36,113 :: INFO :: Recording tweet 557876913390518273.
2015-01-21 13:26:36,917 :: INFO :: Recording tweet 557876917589008384.
2015-01-21 13:26:40,824 :: INFO :: Recording tweet 557876934378795008.
2015-01-21 13:26:40,839 :: INFO :: Recording tweet 557876934378799105.
2015-01-21 13:26:41,833 :: INFO :: Recording tweet 557876938560524291.
2015-01-21 13:26:42,866 :: INFO :: Recording tweet 557876942733840386.
2015-01-21 13:26:44,017 :: INFO :: Recording tweet 557876946932355073.
2015-01-21 13:26:45,837 :: INFO :: Recording tweet 557876955337748480.
2015-01-21 13:26:45,997 :: INFO :: Recording tweet 557876955341942784.
2015-01-21 13:26:49,857 :: INFO :: Recording tweet 557876972093980673.
2015-01-21 13:26:51,823 :: INFO :: Recording tweet 557876980516143104.
2015-01-21 13:26:51,842 :: INFO :: Recording tweet 557876980486770688.
2015-01-21 13:26:53,828 :: INFO :: Recording tweet 557876988896358400.
2015-01-21 13:26:57,845 :: INFO :: Recording tweet 557877005656793088.
2015-01-21 13:26:59,889 :: INFO :: Recording tweet 557877014045417473.
2015-01-21 13:27:03,807 :: INFO :: Recording tweet 557877030822621184.
2015-01-21 13:27:06,843 :: INFO :: Recording tweet 557877043418124289.
2015-01-21 13:27:09,020 :: INFO :: Recording tweet 557877051819294720.
2015-01-21 13:27:09,030 :: INFO :: Recording tweet 557877051815104513.
2015-01-21 13:27:10,785 :: INFO :: Recording tweet 557877060182736896.
2015-01-21 13:27:10,834 :: INFO :: Recording tweet 557877060186943489.
2015-01-21 13:27:10,845 :: INFO :: Recording tweet 557877060178558977.
2015-01-21 13:27:11,928 :: INFO :: Recording tweet 557877064389636096.
2015-01-21 13:27:11,939 :: INFO :: Recording tweet 557877064398024706.
2015-01-21 13:27:16,812 :: INFO :: Recording tweet 557877085344387072.
2015-01-21 13:27:16,833 :: INFO :: Recording tweet 557877085348564993.
2015-01-21 13:27:16,927 :: INFO :: Recording tweet 557877085365362688.
2015-01-21 13:27:19,822 :: INFO :: Recording tweet 557877097923092480.
2015-01-21 13:27:19,936 :: INFO :: Recording tweet 557877097939861504.
2015-01-21 13:27:20,926 :: INFO :: Recording tweet 557877102142566401.
2015-01-21 13:27:21,805 :: INFO :: Recording tweet 557877106336866304.
2015-01-21 13:27:25,029 :: INFO :: Recording tweet 557877118919782400.
2015-01-21 13:27:25,821 :: INFO :: Recording tweet 557877123097329666.
2015-01-21 13:27:25,840 :: INFO :: Recording tweet 557877123109896193.
2015-01-21 13:27:27,803 :: INFO :: Recording tweet 557877131502710785.
2015-01-21 13:27:27,823 :: INFO :: Recording tweet 557877131481743360.
2015-01-21 13:27:27,869 :: INFO :: Recording tweet 557877131506909185.
2015-01-21 13:27:28,838 :: INFO :: Recording tweet 557877135692824576.
2015-01-21 13:27:28,853 :: INFO :: Recording tweet 557877135701209089.
2015-01-21 13:27:28,860 :: INFO :: Recording tweet 557877135709577216.
2015-01-21 13:27:30,834 :: INFO :: Recording tweet 557877144098209792.
2015-01-21 13:27:31,813 :: INFO :: Recording tweet 557877148271529984.
2015-01-21 13:27:32,823 :: INFO :: Recording tweet 557877152457441281.
2015-01-21 13:27:32,838 :: INFO :: Recording tweet 557877152486793216.
2015-01-21 13:27:33,848 :: INFO :: Recording tweet 557877156643368962.
2015-01-21 13:27:33,916 :: INFO :: Recording tweet 557877156655923201.
2015-01-21 13:27:36,800 :: INFO :: Recording tweet 557877169264021505.
2015-01-21 13:27:37,856 :: INFO :: Recording tweet 557877173428977664.
2015-01-21 13:27:37,892 :: INFO :: Recording tweet 557877173449936897.
2015-01-21 13:27:38,827 :: INFO :: Recording tweet 557877177640054784.
2015-01-21 13:27:39,821 :: INFO :: Recording tweet 557877181834330113.
2015-01-21 13:27:39,841 :: INFO :: Recording tweet 557877181821763584.
2015-01-21 13:27:43,804 :: INFO :: Recording tweet 557877198603157504.
2015-01-21 13:27:45,833 :: INFO :: Recording tweet 557877207008563201.
2015-01-21 13:27:46,809 :: INFO :: Recording tweet 557877211177713665.
2015-01-21 13:27:47,797 :: INFO :: Recording tweet 557877215401357314.
2015-01-21 13:27:49,808 :: INFO :: Recording tweet 557877223760592897.
2015-01-21 13:27:54,853 :: INFO :: Recording tweet 557877244723757056.
2015-01-21 13:27:56,829 :: INFO :: Recording tweet 557877253150093314.
2015-01-21 13:28:00,823 :: INFO :: Recording tweet 557877269906354177.
2015-01-21 13:28:02,793 :: INFO :: Recording tweet 557877278307540992.
2015-01-21 13:28:03,038 :: INFO :: Recording tweet 557877278294941700.
2015-01-21 13:28:06,828 :: INFO :: Recording tweet 557877295059566592.
2015-01-21 13:28:11,858 :: INFO :: Recording tweet 557877316031086592.
2015-01-21 13:28:13,876 :: INFO :: Recording tweet 557877324419706882.
2015-01-21 13:28:14,899 :: INFO :: Recording tweet 557877328634982400.
2015-01-21 13:28:15,801 :: INFO :: Recording tweet 557877332808310787.
2015-01-21 13:28:15,889 :: INFO :: Recording tweet 557877332804132865.
2015-01-21 13:28:17,819 :: INFO :: Recording tweet 557877341230469120.
2015-01-21 13:28:18,816 :: INFO :: Recording tweet 557877345403797507.
2015-01-21 13:28:18,845 :: INFO :: Recording tweet 557877345424797697.
2015-01-21 13:28:19,822 :: INFO :: Recording tweet 557877349593923584.
2015-01-21 13:28:20,836 :: INFO :: Recording tweet 557877353809211393.
2015-01-21 13:28:20,897 :: INFO :: Recording tweet 557877353813385216.
2015-01-21 13:28:22,920 :: INFO :: Recording tweet 557877362189434881.
2015-01-21 13:28:24,858 :: INFO :: Recording tweet 557877370586402818.
2015-01-21 13:28:26,843 :: INFO :: Recording tweet 557877378975014912.
2015-01-21 13:28:28,821 :: INFO :: Recording tweet 557877387359432705.
2015-01-21 13:28:29,826 :: INFO :: Recording tweet 557877391524372482.
2015-01-21 13:28:30,874 :: INFO :: Recording tweet 557877395739643904.
2015-01-21 13:28:31,798 :: INFO :: Recording tweet 557877399925563393.
2015-01-21 13:28:31,975 :: INFO :: Recording tweet 557877399921373184.
2015-01-21 13:28:34,779 :: INFO :: Recording tweet 557877412500086784.
2015-01-21 13:28:35,797 :: INFO :: Recording tweet 557877416690188288.
2015-01-21 13:28:37,795 :: INFO :: Recording tweet 557877425083023360.
2015-01-21 13:28:37,848 :: INFO :: Recording tweet 557877425095573505.
2015-01-21 13:28:37,895 :: INFO :: Recording tweet 557877425078808579.
2015-01-21 13:28:43,873 :: INFO :: Recording tweet 557877450257211392.
2015-01-21 13:28:46,807 :: INFO :: Recording tweet 557877462848516096.
2015-01-21 13:28:47,867 :: INFO :: Recording tweet 557877467051220993.
2015-01-21 13:28:48,815 :: INFO :: Recording tweet 557877471245504513.
2015-01-21 13:28:48,875 :: INFO :: Recording tweet 557877471237144580.
2015-01-21 13:28:50,807 :: INFO :: Recording tweet 557877479642501121.
2015-01-21 13:28:54,854 :: INFO :: Recording tweet 557877496415526912.
2015-01-21 13:28:54,989 :: INFO :: Recording tweet 557877496386162689.
2015-01-21 13:28:55,792 :: INFO :: Recording tweet 557877500580462592.
2015-01-21 13:28:55,824 :: INFO :: Recording tweet 557877500605652992.
2015-01-21 13:28:55,933 :: INFO :: Recording tweet 557877500588863488.
2015-01-21 13:28:57,817 :: INFO :: Recording tweet 557877508985880577.
2015-01-21 13:28:59,799 :: INFO :: Recording tweet 557877517391257600.
2015-01-21 13:28:59,825 :: INFO :: Recording tweet 557877517374459904.
2015-01-21 13:29:00,839 :: INFO :: Recording tweet 557877521577172992.
2015-01-21 13:29:01,804 :: INFO :: Recording tweet 557877525750480896.
2015-01-21 13:29:02,824 :: INFO :: Recording tweet 557877529936400385.
2015-01-21 13:29:03,857 :: INFO :: Recording tweet 557877534164262913.
2015-01-21 13:29:04,794 :: INFO :: Recording tweet 557877538329198592.
2015-01-21 13:29:05,819 :: INFO :: Recording tweet 557877542544494593.
2015-01-21 13:29:07,835 :: INFO :: Recording tweet 557877550912118785.
2015-01-21 13:29:09,902 :: INFO :: Recording tweet 557877559300739073.
2015-01-21 13:29:10,836 :: INFO :: Recording tweet 557877563490840577.
2015-01-21 13:29:10,885 :: INFO :: Recording tweet 557877563511812096.
2015-01-21 13:29:11,999 :: INFO :: Recording tweet 557877567706107904.
2015-01-21 13:29:12,899 :: INFO :: Recording tweet 557877571904618496.
2015-01-21 13:29:13,924 :: INFO :: Recording tweet 557877576086331392.
2015-01-21 13:29:16,811 :: INFO :: Recording tweet 557877588690223105.
2015-01-21 13:29:19,845 :: INFO :: Recording tweet 557877601268948993.
2015-01-21 13:29:23,827 :: INFO :: Recording tweet 557877618025185282.
2015-01-21 13:29:23,865 :: INFO :: Recording tweet 557877618054557698.
2015-01-21 13:29:24,809 :: INFO :: Recording tweet 557877622219489280.
2015-01-21 13:29:25,803 :: INFO :: Recording tweet 557877626426388480.
2015-01-21 13:29:25,831 :: INFO :: Recording tweet 557877626438975488.
2015-01-21 13:29:25,894 :: INFO :: Recording tweet 557877626422169603.
2015-01-21 13:29:27,804 :: INFO :: Recording tweet 557877634819186688.
2015-01-21 13:29:28,844 :: INFO :: Recording tweet 557877639017660416.
2015-01-21 13:29:30,832 :: INFO :: Recording tweet 557877647389495296.
2015-01-21 13:29:30,994 :: INFO :: Recording tweet 557877647410470912.
2015-01-21 13:29:35,016 :: INFO :: Recording tweet 557877664175108098.
2015-01-21 13:29:35,855 :: INFO :: Recording tweet 557877668386205696.
2015-01-21 13:29:36,826 :: INFO :: Recording tweet 557877672551124992.
2015-01-21 13:29:36,878 :: INFO :: Recording tweet 557877672542736384.
2015-01-21 13:29:37,852 :: INFO :: Recording tweet 557877676749619200.
2015-01-21 13:29:38,887 :: INFO :: Recording tweet 557877680964898816.
2015-01-21 13:29:38,903 :: INFO :: Recording tweet 557877680931356673.
2015-01-21 13:29:43,848 :: INFO :: Recording tweet 557877701936414722.
2015-01-21 13:29:43,881 :: INFO :: Recording tweet 557877701936431104.
2015-01-21 13:29:43,888 :: INFO :: Recording tweet 557877701902884865.
2015-01-21 13:29:47,792 :: INFO :: Recording tweet 557877718684270594.
2015-01-21 13:29:50,103 :: INFO :: Recording tweet 557877727085494274.
2015-01-21 13:29:51,836 :: INFO :: Recording tweet 557877735478272001.
2015-01-21 13:29:53,794 :: INFO :: Recording tweet 557877743850123266.
2015-01-21 13:29:54,008 :: INFO :: Recording tweet 557877743854292992.
2015-01-21 13:29:54,851 :: INFO :: Recording tweet 557877748048592897.
2015-01-21 13:29:55,813 :: INFO :: Recording tweet 557877752255504385.
2015-01-21 13:29:56,796 :: INFO :: Recording tweet 557877756433014785.
2015-01-21 13:30:03,872 :: INFO :: Recording tweet 557877785826713600.
2015-01-21 13:30:05,048 :: INFO :: Recording tweet 557877790004215808.
2015-01-21 13:30:09,922 :: INFO :: Recording tweet 557877810958974979.
2015-01-21 13:30:10,897 :: INFO :: Recording tweet 557877815182643200.
2015-01-21 13:30:10,916 :: INFO :: Recording tweet 557877815161683968.
2015-01-21 13:30:10,970 :: INFO :: Recording tweet 557877815174258690.
2015-01-21 13:30:11,913 :: INFO :: Recording tweet 557877819355975681.
2015-01-21 13:30:12,023 :: INFO :: Recording tweet 557877819364364289.
2015-01-21 13:30:12,888 :: INFO :: Recording tweet 557877823562858497.
2015-01-21 13:30:12,932 :: INFO :: Recording tweet 557877823575453697.
2015-01-21 13:30:14,883 :: INFO :: Recording tweet 557877831955652609.
2015-01-21 13:30:15,950 :: INFO :: Recording tweet 557877836149948416.
2015-01-21 13:30:15,966 :: INFO :: Recording tweet 557877836149977089.
2015-01-21 13:30:17,886 :: INFO :: Recording tweet 557877844546945024.
2015-01-21 13:30:22,874 :: INFO :: Recording tweet 557877865497497601.
2015-01-21 13:30:24,925 :: INFO :: Recording tweet 557877873869340672.
2015-01-21 13:30:25,150 :: INFO :: Recording tweet 557877873907093504.
2015-01-21 13:30:26,005 :: INFO :: Recording tweet 557877878067822595.
2015-01-21 13:30:27,329 :: INFO :: Recording tweet 557877882266337282.
2015-01-21 13:30:27,926 :: INFO :: Recording tweet 557877886473207810.
2015-01-21 13:30:27,953 :: INFO :: Recording tweet 557877886481616896.
2015-01-21 13:30:33,864 :: INFO :: Recording tweet 557877911643254784.
2015-01-21 13:30:34,838 :: INFO :: Recording tweet 557877915833352192.
2015-01-21 13:30:36,876 :: INFO :: Recording tweet 557877924205187073.
2015-01-21 13:30:37,859 :: INFO :: Recording tweet 557877928412053507.
2015-01-21 13:30:38,779 :: INFO :: Recording tweet 557877932597968896.
2015-01-21 13:30:38,814 :: INFO :: Recording tweet 557877932593782784.
2015-01-21 13:30:39,806 :: INFO :: Recording tweet 557877936804888577.
2015-01-21 13:30:39,860 :: INFO :: Recording tweet 557877936817442816.
2015-01-21 13:30:40,919 :: INFO :: Recording tweet 557877940978208769.
2015-01-21 13:30:42,825 :: INFO :: Recording tweet 557877949366808576.
2015-01-21 13:30:43,934 :: INFO :: Recording tweet 557877953561120769.
2015-01-21 13:30:47,960 :: INFO :: Recording tweet 557877970350923777.
2015-01-21 13:30:48,806 :: INFO :: Recording tweet 557877974532624387.
2015-01-21 13:30:49,859 :: INFO :: Recording tweet 557877978756288512.
2015-01-21 13:30:50,917 :: INFO :: Recording tweet 557877982950596608.
2015-01-21 13:30:52,838 :: INFO :: Recording tweet 557877991330836481.
2015-01-21 13:30:53,870 :: INFO :: Recording tweet 557877995541893121.
2015-01-21 13:30:56,810 :: INFO :: Recording tweet 557878008124805120.
2015-01-21 13:30:56,864 :: INFO :: Recording tweet 557878008099643392.
2015-01-21 13:30:58,818 :: INFO :: Recording tweet 557878016509231104.
2015-01-21 13:30:58,856 :: INFO :: Recording tweet 557878016492470275.
2015-01-21 13:30:58,861 :: INFO :: Recording tweet 557878016479866881.
2015-01-21 13:31:00,856 :: INFO :: Recording tweet 557878024868462593.
2015-01-21 13:31:03,861 :: INFO :: Recording tweet 557878037447192576.
2015-01-21 13:31:03,930 :: INFO :: Recording tweet 557878037484957697.
2015-01-21 13:31:05,821 :: INFO :: Recording tweet 557878045865160704.
2015-01-21 13:31:05,880 :: INFO :: Recording tweet 557878045835800577.
2015-01-21 13:31:06,807 :: INFO :: Recording tweet 557878050042691584.
2015-01-21 13:31:06,827 :: INFO :: Recording tweet 557878050059472896.
2015-01-21 13:31:07,884 :: INFO :: Recording tweet 557878054232813569.
2015-01-21 13:31:09,799 :: INFO :: Recording tweet 557878062625599488.
2015-01-21 13:31:10,837 :: INFO :: Recording tweet 557878066828308480.
2015-01-21 13:31:11,809 :: INFO :: Recording tweet 557878071010009088.
2015-01-21 13:31:11,841 :: INFO :: Recording tweet 557878071005822976.
2015-01-21 13:31:11,870 :: INFO :: Recording tweet 557878071022592000.
2015-01-21 13:31:13,850 :: INFO :: Recording tweet 557878079411191808.
2015-01-21 13:31:13,900 :: INFO :: Recording tweet 557878079402827778.
2015-01-21 13:31:15,814 :: INFO :: Recording tweet 557878087795613697.
2015-01-21 13:31:16,841 :: INFO :: Recording tweet 557878091977334784.
2015-01-21 13:31:17,847 :: INFO :: Recording tweet 557878096167444481.
2015-01-21 13:31:19,814 :: INFO :: Recording tweet 557878104585412610.
2015-01-21 13:31:24,840 :: INFO :: Recording tweet 557878125527580677.
2015-01-21 13:31:26,852 :: INFO :: Recording tweet 557878133953937409.
2015-01-21 13:31:28,822 :: INFO :: Recording tweet 557878142321557505.
2015-01-21 13:31:29,799 :: INFO :: Recording tweet 557878146515861506.
2015-01-21 13:31:30,825 :: INFO :: Recording tweet 557878150705995777.
2015-01-21 13:31:32,803 :: INFO :: Recording tweet 557878159111356416.
2015-01-21 13:31:34,826 :: INFO :: Recording tweet 557878167499997184.
2015-01-21 13:31:34,841 :: INFO :: Recording tweet 557878167487397891.
2015-01-21 13:31:37,872 :: INFO :: Recording tweet 557878180091281410.
2015-01-21 13:31:38,919 :: INFO :: Recording tweet 557878184247828481.
2015-01-21 13:31:40,838 :: INFO :: Recording tweet 557878192670011394.
2015-01-21 13:31:41,855 :: INFO :: Recording tweet 557878196843335680.
2015-01-21 13:31:42,821 :: INFO :: Recording tweet 557878201037631489.
2015-01-21 13:31:45,843 :: INFO :: Recording tweet 557878213641523200.
2015-01-21 13:31:45,898 :: INFO :: Recording tweet 557878213637328897.
2015-01-21 13:31:46,952 :: INFO :: Recording tweet 557878217802272769.
2015-01-21 13:31:47,831 :: INFO :: Recording tweet 557878222034325504.
2015-01-21 13:31:48,815 :: INFO :: Recording tweet 557878226216038406.
2015-01-21 13:31:48,846 :: INFO :: Recording tweet 557878226216050689.
2015-01-21 13:31:48,928 :: INFO :: Recording tweet 557878226190864385.
2015-01-21 13:31:54,818 :: INFO :: Recording tweet 557878251377672193.
2015-01-21 13:31:54,862 :: INFO :: Recording tweet 557878251356717056.
2015-01-21 13:31:56,812 :: INFO :: Recording tweet 557878259749507074.
2015-01-21 13:31:56,831 :: INFO :: Recording tweet 557878259766267905.
2015-01-21 13:31:59,816 :: INFO :: Recording tweet 557878272332402690.
2015-01-21 13:32:01,826 :: INFO :: Recording tweet 557878280721027073.
2015-01-21 13:32:02,281 :: INFO :: Recording tweet 557878280729411586.
2015-01-21 13:32:03,820 :: INFO :: Recording tweet 557878289109626881.
2015-01-21 13:32:04,041 :: INFO :: Recording tweet 557878289109639169.
2015-01-21 13:32:05,836 :: INFO :: Recording tweet 557878297498234880.
2015-01-21 13:32:08,852 :: INFO :: Recording tweet 557878310114709504.
2015-01-21 13:32:12,074 :: INFO :: Recording tweet 557878322693410816.
2015-01-21 13:32:15,871 :: INFO :: Recording tweet 557878339462238208.
2015-01-21 13:32:16,801 :: INFO :: Recording tweet 557878343643955200.
2015-01-21 13:32:16,828 :: INFO :: Recording tweet 557878343656550401.
2015-01-21 13:32:21,792 :: INFO :: Recording tweet 557878364628058113.
2015-01-21 13:32:25,817 :: INFO :: Recording tweet 557878381417885696.
2015-01-21 13:32:26,883 :: INFO :: Recording tweet 557878385591214081.
2015-01-21 13:32:26,911 :: INFO :: Recording tweet 557878385595392002.
2015-01-21 13:32:27,087 :: INFO :: Recording tweet 557878385591189504.
2015-01-21 13:32:27,874 :: INFO :: Recording tweet 557878389768728576.
2015-01-21 13:32:32,791 :: INFO :: Recording tweet 557878410744430593.
2015-01-21 13:32:34,997 :: INFO :: Recording tweet 557878419141435392.
2015-01-21 13:32:36,802 :: INFO :: Recording tweet 557878427542650880.
2015-01-21 13:32:39,004 :: INFO :: Recording tweet 557878435935428609.
2015-01-21 13:32:42,839 :: INFO :: Recording tweet 557878452704272384.
2015-01-21 13:32:42,876 :: INFO :: Recording tweet 557878452704280577.
2015-01-21 13:32:45,028 :: INFO :: Recording tweet 557878461105446913.
2015-01-21 13:32:47,926 :: INFO :: Recording tweet 557878473667407875.
2015-01-21 13:32:49,805 :: INFO :: Recording tweet 557878482060181505.
2015-01-21 13:32:49,841 :: INFO :: Recording tweet 557878482076983296.
2015-01-21 13:32:50,828 :: INFO :: Recording tweet 557878486250311680.
2015-01-21 13:32:50,832 :: INFO :: Recording tweet 557878486271266818.
2015-01-21 13:32:50,855 :: INFO :: Recording tweet 557878486254501888.
2015-01-21 13:32:50,874 :: INFO :: Recording tweet 557878486275481601.
2015-01-21 13:32:51,869 :: INFO :: Recording tweet 557878490465574913.
2015-01-21 13:32:52,800 :: INFO :: Recording tweet 557878494630539264.
2015-01-21 13:32:53,850 :: INFO :: Recording tweet 557878498854187008.
2015-01-21 13:32:54,849 :: INFO :: Recording tweet 557878503048495105.
2015-01-21 13:32:56,791 :: INFO :: Recording tweet 557878511407759361.
2015-01-21 13:32:56,808 :: INFO :: Recording tweet 557878511416127488.
2015-01-21 13:32:57,793 :: INFO :: Recording tweet 557878515602055169.
2015-01-21 13:32:58,839 :: INFO :: Recording tweet 557878519800537090.
2015-01-21 13:32:58,845 :: INFO :: Recording tweet 557878519829889024.
2015-01-21 13:32:59,872 :: INFO :: Recording tweet 557878523986468864.
2015-01-21 13:33:01,849 :: INFO :: Recording tweet 557878532387639296.
2015-01-21 13:33:01,870 :: INFO :: Recording tweet 557878532412809216.
2015-01-21 13:33:02,799 :: INFO :: Recording tweet 557878536607125505.
2015-01-21 13:33:04,806 :: INFO :: Recording tweet 557878544962170881.
2015-01-21 13:33:04,813 :: INFO :: Recording tweet 557878544995717122.
2015-01-21 13:33:04,902 :: INFO :: Recording tweet 557878544995745792.
2015-01-21 13:33:07,816 :: INFO :: Recording tweet 557878557566050307.
2015-01-21 13:33:08,848 :: INFO :: Recording tweet 557878561772949504.
2015-01-21 13:33:08,927 :: INFO :: Recording tweet 557878561760378880.
2015-01-21 13:33:09,936 :: INFO :: Recording tweet 557878565929504769.
2015-01-21 13:33:11,847 :: INFO :: Recording tweet 557878574330679299.
2015-01-21 13:33:13,807 :: INFO :: Recording tweet 557878582710915072.
2015-01-21 13:33:13,834 :: INFO :: Recording tweet 557878582727704576.
2015-01-21 13:33:14,841 :: INFO :: Recording tweet 557878586905223168.
2015-01-21 13:33:15,944 :: INFO :: Recording tweet 557878591107899393.
2015-01-21 13:33:16,902 :: INFO :: Recording tweet 557878595323195394.
2015-01-21 13:33:17,808 :: INFO :: Recording tweet 557878599513300992.
2015-01-21 13:33:17,855 :: INFO :: Recording tweet 557878599500726273.
2015-01-21 13:33:21,793 :: INFO :: Recording tweet 557878616290525184.
2015-01-21 13:33:22,820 :: INFO :: Recording tweet 557878620480618500.
2015-01-21 13:33:28,811 :: INFO :: Recording tweet 557878645659013121.
2015-01-21 13:33:30,822 :: INFO :: Recording tweet 557878654035062784.
2015-01-21 13:33:31,788 :: INFO :: Recording tweet 557878658220978178.
2015-01-21 13:33:31,818 :: INFO :: Recording tweet 557878658220969984.
2015-01-21 13:33:32,836 :: INFO :: Recording tweet 557878662415286272.
2015-01-21 13:33:32,846 :: INFO :: Recording tweet 557878662406873088.
2015-01-21 13:33:32,902 :: INFO :: Recording tweet 557878662432043008.
2015-01-21 13:33:32,915 :: INFO :: Recording tweet 557878662411079680.
2015-01-21 13:33:33,854 :: INFO :: Recording tweet 557878666613776384.
2015-01-21 13:33:34,798 :: INFO :: Recording tweet 557878670808080386.
2015-01-21 13:33:34,858 :: INFO :: Recording tweet 557878670820651009.
2015-01-21 13:33:34,918 :: INFO :: Recording tweet 557878670791282691.
2015-01-21 13:33:35,051 :: INFO :: Recording tweet 557878670795472900.
2015-01-21 13:33:35,815 :: INFO :: Recording tweet 557878674981412865.
2015-01-21 13:33:35,825 :: INFO :: Recording tweet 557878674981412864.
2015-01-21 13:33:35,866 :: INFO :: Recording tweet 557878674985603074.
2015-01-21 13:33:38,837 :: INFO :: Recording tweet 557878687585300480.
2015-01-21 13:33:38,860 :: INFO :: Recording tweet 557878687597887488.
2015-01-21 13:33:40,804 :: INFO :: Recording tweet 557878695961309184.
2015-01-21 13:33:41,850 :: INFO :: Recording tweet 557878700184981505.
2015-01-21 13:33:42,823 :: INFO :: Recording tweet 557878704345722880.
2015-01-21 13:33:45,793 :: INFO :: Recording tweet 557878716958007296.
2015-01-21 13:33:46,119 :: INFO :: Recording tweet 557878716924440576.
2015-01-21 13:33:47,841 :: INFO :: Recording tweet 557878725342400514.
2015-01-21 13:33:50,807 :: INFO :: Recording tweet 557878737912729601.
2015-01-21 13:33:52,834 :: INFO :: Recording tweet 557878746292948992.
2015-01-21 13:33:53,874 :: INFO :: Recording tweet 557878750504042498.
2015-01-21 13:33:54,861 :: INFO :: Recording tweet 557878754698334210.
2015-01-21 13:33:54,925 :: INFO :: Recording tweet 557878754706731008.
2015-01-21 13:33:57,800 :: INFO :: Recording tweet 557878767272857600.
2015-01-21 13:33:58,845 :: INFO :: Recording tweet 557878771467165696.
2015-01-21 13:33:59,816 :: INFO :: Recording tweet 557878775653093377.
2015-01-21 13:33:59,823 :: INFO :: Recording tweet 557878775648907264.
2015-01-21 13:34:01,090 :: INFO :: Recording tweet 557878779838996480.
2015-01-21 13:34:01,807 :: INFO :: Recording tweet 557878784037511168.
2015-01-21 13:34:02,844 :: INFO :: Recording tweet 557878788248600577.
2015-01-21 13:34:03,818 :: INFO :: Recording tweet 557878792447086592.
2015-01-21 13:34:05,829 :: INFO :: Recording tweet 557878800848269314.
2015-01-21 13:34:07,796 :: INFO :: Recording tweet 557878809211699200.
2015-01-21 13:34:07,845 :: INFO :: Recording tweet 557878809207537665.
2015-01-21 13:34:07,913 :: INFO :: Recording tweet 557878809224286209.
2015-01-21 13:34:09,808 :: INFO :: Recording tweet 557878817600331776.
2015-01-21 13:34:10,836 :: INFO :: Recording tweet 557878821786222592.
2015-01-21 13:34:16,874 :: INFO :: Recording tweet 557878846968844288.
2015-01-21 13:34:17,887 :: INFO :: Recording tweet 557878851150577665.
2015-01-21 13:34:18,888 :: INFO :: Recording tweet 557878855374241795.
2015-01-21 13:34:20,939 :: INFO :: Recording tweet 557878863750242305.
2015-01-21 13:34:21,830 :: INFO :: Recording tweet 557878867957137408.
2015-01-21 13:34:23,846 :: INFO :: Recording tweet 557878876324786179.
2015-01-21 13:34:24,864 :: INFO :: Recording tweet 557878880540045313.
2015-01-21 13:34:25,814 :: INFO :: Recording tweet 557878884700786689.
2015-01-21 13:34:26,816 :: INFO :: Recording tweet 557878888911896576.
2015-01-21 13:34:28,826 :: INFO :: Recording tweet 557878897296297986.
2015-01-21 13:34:28,872 :: INFO :: Recording tweet 557878897313071104.
2015-01-21 13:34:29,793 :: INFO :: Recording tweet 557878901511561217.
2015-01-21 13:34:29,841 :: INFO :: Recording tweet 557878901473812480.
2015-01-21 13:34:30,789 :: INFO :: Recording tweet 557878905668128768.
2015-01-21 13:34:31,817 :: INFO :: Recording tweet 557878909895999488.
2015-01-21 13:34:31,836 :: INFO :: Recording tweet 557878909870821378.
2015-01-21 13:34:32,040 :: INFO :: Recording tweet 557878909895987200.
2015-01-21 13:34:32,215 :: INFO :: Recording tweet 557878909870817280.
2015-01-21 13:34:33,858 :: INFO :: Recording tweet 557878918276194304.
2015-01-21 13:34:34,794 :: INFO :: Recording tweet 557878922457923586.
2015-01-21 13:34:34,820 :: INFO :: Recording tweet 557878922445332481.
2015-01-21 13:34:35,854 :: INFO :: Recording tweet 557878926669004802.
2015-01-21 13:34:35,866 :: INFO :: Recording tweet 557878926648016897.
2015-01-21 13:34:36,825 :: INFO :: Recording tweet 557878930850717697.
2015-01-21 13:34:39,844 :: INFO :: Recording tweet 557878943429427200.
2015-01-21 13:34:42,820 :: INFO :: Recording tweet 557878956024938499.
2015-01-21 13:34:43,805 :: INFO :: Recording tweet 557878960202481664.
2015-01-21 13:34:43,917 :: INFO :: Recording tweet 557878960219250688.
2015-01-21 13:34:44,847 :: INFO :: Recording tweet 557878964405149696.
2015-01-21 13:34:44,856 :: INFO :: Recording tweet 557878964426145792.
2015-01-21 13:34:45,837 :: INFO :: Recording tweet 557878968620445697.
2015-01-21 13:34:47,837 :: INFO :: Recording tweet 557878976975495168.
2015-01-21 13:34:49,877 :: INFO :: Recording tweet 557878985364090881.
2015-01-21 13:34:50,841 :: INFO :: Recording tweet 557878989587763200.
2015-01-21 13:34:51,811 :: INFO :: Recording tweet 557878993777864709.
2015-01-21 13:34:52,826 :: INFO :: Recording tweet 557878997976350721.
2015-01-21 13:34:54,821 :: INFO :: Recording tweet 557879006331424768.
2015-01-21 13:34:54,870 :: INFO :: Recording tweet 557879006331428864.
2015-01-21 13:34:56,790 :: INFO :: Recording tweet 557879014753574912.
2015-01-21 13:34:58,841 :: INFO :: Recording tweet 557879023138013187.
2015-01-21 13:34:59,872 :: INFO :: Recording tweet 557879027328106497.
2015-01-21 13:35:00,825 :: INFO :: Recording tweet 557879031526592512.
2015-01-21 13:35:00,846 :: INFO :: Recording tweet 557879031518228481.
2015-01-21 13:35:06,866 :: INFO :: Recording tweet 557879056675667971.
2015-01-21 13:35:09,927 :: INFO :: Recording tweet 557879069275344896.
2015-01-21 13:35:10,932 :: INFO :: Recording tweet 557879073461272577.
2015-01-21 13:35:12,848 :: INFO :: Recording tweet 557879081854046210.
2015-01-21 13:35:12,939 :: INFO :: Recording tweet 557879081854050304.
2015-01-21 13:35:14,945 :: INFO :: Recording tweet 557879090221690880.
2015-01-21 13:35:18,877 :: INFO :: Recording tweet 557879107032461312.
2015-01-21 13:35:19,854 :: INFO :: Recording tweet 557879111222562817.
2015-01-21 13:35:20,871 :: INFO :: Recording tweet 557879115416879104.
2015-01-21 13:35:20,977 :: INFO :: Recording tweet 557879115416870913.
2015-01-21 13:35:21,830 :: INFO :: Recording tweet 557879119615393792.
2015-01-21 13:35:22,837 :: INFO :: Recording tweet 557879123776110593.
